#-----------------------------------------------------------
# Vivado v2018.3 (64-bit)
# SW Build 2405991 on Thu Dec  6 23:38:27 MST 2018
# IP Build 2404404 on Fri Dec  7 01:43:56 MST 2018
# Start of session at: Mon Mar 25 18:23:27 2019
# Process ID: 21340
# Current directory: D:/tijsv/Documents/UA sem2/DigitaleElektronica/Sessie3/sessie3
# Command line: vivado.exe -gui_launcher_event rodinguilauncherevent16840 D:\tijsv\Documents\UA sem2\DigitaleElektronica\Sessie3\sessie3\sessie3.xpr
# Log file: D:/tijsv/Documents/UA sem2/DigitaleElektronica/Sessie3/sessie3/vivado.log
# Journal file: D:/tijsv/Documents/UA sem2/DigitaleElektronica/Sessie3/sessie3\vivado.jou
#-----------------------------------------------------------
start_gui
open_project {D:/tijsv/Documents/UA sem2/DigitaleElektronica/Sessie3/sessie3/sessie3.xpr}
Scanning sources...
Finished scanning sources
INFO: [IP_Flow 19-234] Refreshing IP repositories
INFO: [IP_Flow 19-1704] No user IP repositories specified
INFO: [IP_Flow 19-2313] Loaded Vivado IP repository 'C:/Xilinx/Vivado/2018.3/data/ip'.
update_compile_order -fileset sources_1
exit
INFO: [Common 17-206] Exiting Vivado at Mon Mar 25 18:25:31 2019...
