#-----------------------------------------------------------
# Vivado v2018.3 (64-bit)
# SW Build 2405991 on Thu Dec  6 23:38:27 MST 2018
# IP Build 2404404 on Fri Dec  7 01:43:56 MST 2018
# Start of session at: Thu Mar 14 13:11:50 2019
# Process ID: 17376
# Current directory: D:/tijsv/Documents/UA sem2/DigitaleElektronica/Sessie3/sessie3
# Command line: vivado.exe -gui_launcher_event rodinguilauncherevent16812 D:\tijsv\Documents\UA sem2\DigitaleElektronica\Sessie3\sessie3\sessie3.xpr
# Log file: D:/tijsv/Documents/UA sem2/DigitaleElektronica/Sessie3/sessie3/vivado.log
# Journal file: D:/tijsv/Documents/UA sem2/DigitaleElektronica/Sessie3/sessie3\vivado.jou
#-----------------------------------------------------------
start_gui
open_project {D:/tijsv/Documents/UA sem2/DigitaleElektronica/Sessie3/sessie3/sessie3.xpr}
Scanning sources...
Finished scanning sources
INFO: [IP_Flow 19-234] Refreshing IP repositories
INFO: [IP_Flow 19-1704] No user IP repositories specified
INFO: [IP_Flow 19-2313] Loaded Vivado IP repository 'C:/Xilinx/Vivado/2018.3/data/ip'.
open_project: Time (s): cpu = 00:00:40 ; elapsed = 00:00:17 . Memory (MB): peak = 726.969 ; gain = 113.250
update_compile_order -fileset sources_1update_compile_order -fileset sources_1
exit
INFO: [Common 17-206] Exiting Vivado at Thu Mar 14 13:40:22 2019...
