#-----------------------------------------------------------
# Vivado v2018.2 (64-bit)
# SW Build 2258646 on Thu Jun 14 20:03:12 MDT 2018
# IP Build 2256618 on Thu Jun 14 22:10:49 MDT 2018
# Start of session at: Tue Feb 26 15:12:00 2019
# Process ID: 11140
# Current directory: C:/Users/tijsv/Desktop/DigitaleElektronica/Sessie2
# Command line: vivado.exe -gui_launcher_event rodinguilauncherevent11640 C:\Users\tijsv\Desktop\DigitaleElektronica\Sessie2\Sessie2.xpr
# Log file: C:/Users/tijsv/Desktop/DigitaleElektronica/Sessie2/vivado.log
# Journal file: C:/Users/tijsv/Desktop/DigitaleElektronica/Sessie2\vivado.jou
#-----------------------------------------------------------
start_gui
open_project C:/Users/tijsv/Desktop/DigitaleElektronica/Sessie2/Sessie2.xpr
Scanning sources...
Finished scanning sources
INFO: [IP_Flow 19-234] Refreshing IP repositories
INFO: [IP_Flow 19-1704] No user IP repositories specified
INFO: [IP_Flow 19-2313] Loaded Vivado IP repository 'C:/Xilinx/Vivado/2018.2/data/ip'.
open_project: Time (s): cpu = 00:00:20 ; elapsed = 00:00:11 . Memory (MB): peak = 797.395 ; gain = 62.602
update_compile_order -fileset sources_1exit
INFO: [Common 17-206] Exiting Vivado at Tue Feb 26 15:51:41 2019...
