#-----------------------------------------------------------
# Vivado v2018.2 (64-bit)
# SW Build 2258646 on Thu Jun 14 20:03:12 MDT 2018
# IP Build 2256618 on Thu Jun 14 22:10:49 MDT 2018
# Start of session at: Wed Feb 27 11:34:01 2019
# Process ID: 15972
# Current directory: C:/Users/tijsv/Desktop/DigitaleElektronica/Sessie2
# Command line: vivado.exe -gui_launcher_event rodinguilauncherevent4876 C:\Users\tijsv\Desktop\DigitaleElektronica\Sessie2\Sessie2.xpr
# Log file: C:/Users/tijsv/Desktop/DigitaleElektronica/Sessie2/vivado.log
# Journal file: C:/Users/tijsv/Desktop/DigitaleElektronica/Sessie2\vivado.jou
#-----------------------------------------------------------
start_gui
open_project C:/Users/tijsv/Desktop/DigitaleElektronica/Sessie2/Sessie2.xpr
Scanning sources...
Finished scanning sources
INFO: [IP_Flow 19-234] Refreshing IP repositories
INFO: [IP_Flow 19-1704] No user IP repositories specified
INFO: [IP_Flow 19-2313] Loaded Vivado IP repository 'C:/Xilinx/Vivado/2018.2/data/ip'.
open_project: Time (s): cpu = 00:00:20 ; elapsed = 00:00:11 . Memory (MB): peak = 779.031 ; gain = 54.918
update_compile_order -fileset sources_1
export_ip_user_files -of_objects  [get_files C:/Users/tijsv/Downloads/Voorbeeld.vhd] -no_script -reset -force -quiet
remove_files  C:/Users/tijsv/Downloads/Voorbeeld.vhd
export_ip_user_files -of_objects  [get_files C:/Users/tijsv/Desktop/TB_Voorbeeld.vhd] -no_script -reset -force -quiet
remove_files  C:/Users/tijsv/Desktop/TB_Voorbeeld.vhd
add_files -norecurse {C:/Users/tijsv/Downloads/TB_BCD27SEG.vhd C:/Users/tijsv/Downloads/BCD27SEG.vhd}
update_compile_order -fileset sources_1
launch_simulation
INFO: [Vivado 12-5682] Launching behavioral simulation in 'C:/Users/tijsv/Desktop/DigitaleElektronica/Sessie2/Sessie2.sim/sim_1/behav/xsim'
INFO: [SIM-utils-51] Simulation object is 'sim_1'
INFO: [SIM-utils-54] Inspecting design source files for 'TB_BCD27SEG' in fileset 'sim_1'...
INFO: [USF-XSim-97] Finding global include files...
INFO: [USF-XSim-98] Fetching design files from 'sim_1'...
INFO: [USF-XSim-2] XSim::Compile design
INFO: [USF-XSim-61] Executing 'COMPILE and ANALYZE' step in 'C:/Users/tijsv/Desktop/DigitaleElektronica/Sessie2/Sessie2.sim/sim_1/behav/xsim'
"xvhdl --incr --relax -prj TB_BCD27SEG_vhdl.prj"
INFO: [VRFC 10-163] Analyzing VHDL file "C:/Users/tijsv/Downloads/BCD27SEG.vhd" into library xil_defaultlib
INFO: [VRFC 10-307] analyzing entity BCD27SEG
INFO: [VRFC 10-163] Analyzing VHDL file "C:/Users/tijsv/Downloads/TB_BCD27SEG.vhd" into library xil_defaultlib
INFO: [VRFC 10-307] analyzing entity TB_BCD27SEG
INFO: [USF-XSim-69] 'compile' step finished in '2' seconds
INFO: [USF-XSim-3] XSim::Elaborate design
INFO: [USF-XSim-61] Executing 'ELABORATE' step in 'C:/Users/tijsv/Desktop/DigitaleElektronica/Sessie2/Sessie2.sim/sim_1/behav/xsim'
Vivado Simulator 2018.2
Copyright 1986-1999, 2001-2018 Xilinx, Inc. All Rights Reserved.
Running: C:/Xilinx/Vivado/2018.2/bin/unwrapped/win64.o/xelab.exe -wto dfbe7fd1599540d7bfc6f9bd6c7cb8c3 --incr --debug typical --relax --mt 2 -L xil_defaultlib -L secureip --snapshot TB_BCD27SEG_behav xil_defaultlib.TB_BCD27SEG -log elaborate.log 
Using 2 slave threads.
Starting static elaboration
Completed static elaboration
Starting simulation data flow analysis
Completed simulation data flow analysis
Time Resolution for simulation is 1ps
Compiling package std.standard
Compiling package std.textio
Compiling package ieee.std_logic_1164
Compiling package ieee.numeric_std
Compiling architecture rtl of entity xil_defaultlib.BCD27SEG [bcd27seg_default]
Compiling architecture behavioral of entity xil_defaultlib.tb_bcd27seg
Built simulation snapshot TB_BCD27SEG_behav

****** Webtalk v2018.2 (64-bit)
  **** SW Build 2258646 on Thu Jun 14 20:03:12 MDT 2018
  **** IP Build 2256618 on Thu Jun 14 22:10:49 MDT 2018
    ** Copyright 1986-2018 Xilinx, Inc. All Rights Reserved.

source C:/Users/tijsv/Desktop/DigitaleElektronica/Sessie2/Sessie2.sim/sim_1/behav/xsim/xsim.dir/TB_BCD27SEG_behav/webtalk/xsim_webtalk.tcl -notrace
INFO: [Common 17-186] 'C:/Users/tijsv/Desktop/DigitaleElektronica/Sessie2/Sessie2.sim/sim_1/behav/xsim/xsim.dir/TB_BCD27SEG_behav/webtalk/usage_statistics_ext_xsim.xml' has been successfully sent to Xilinx on Wed Feb 27 11:36:53 2019. For additional details about this file, please refer to the WebTalk help file at C:/Xilinx/Vivado/2018.2/doc/webtalk_introduction.html.
INFO: [Common 17-206] Exiting Webtalk at Wed Feb 27 11:36:53 2019...
run_program: Time (s): cpu = 00:00:00 ; elapsed = 00:00:07 . Memory (MB): peak = 823.621 ; gain = 0.000
INFO: [USF-XSim-69] 'elaborate' step finished in '7' seconds
INFO: [USF-XSim-4] XSim::Simulate design
INFO: [USF-XSim-61] Executing 'SIMULATE' step in 'C:/Users/tijsv/Desktop/DigitaleElektronica/Sessie2/Sessie2.sim/sim_1/behav/xsim'
INFO: [USF-XSim-98] *** Running xsim
   with args "TB_BCD27SEG_behav -key {Behavioral:sim_1:Functional:TB_BCD27SEG} -tclbatch {TB_BCD27SEG.tcl} -log {simulate.log}"
INFO: [USF-XSim-8] Loading simulator feature
Vivado Simulator 2018.2
Time resolution is 1 ps
source TB_BCD27SEG.tcl
# set curr_wave [current_wave_config]
# if { [string length $curr_wave] == 0 } {
#   if { [llength [get_objects]] > 0} {
#     add_wave /
#     set_property needs_save false [current_wave_config]
#   } else {
#      send_msg_id Add_Wave-1 WARNING "No top level signals found. Simulator will start without a wave window. If you want to open a wave window go to 'File->New Waveform Configuration' or type 'create_wave_config' in the TCL console."
#   }
# }
# run 1000ns
INFO: [USF-XSim-96] XSim completed. Design snapshot 'TB_BCD27SEG_behav' loaded.
INFO: [USF-XSim-97] XSim simulation ran for 1000ns
launch_simulation: Time (s): cpu = 00:00:11 ; elapsed = 00:00:14 . Memory (MB): peak = 843.309 ; gain = 19.688
close_sim
INFO: [Simtcl 6-16] Simulation closed
close_sim: Time (s): cpu = 00:00:02 ; elapsed = 00:00:09 . Memory (MB): peak = 845.258 ; gain = 0.000
exit
INFO: [Common 17-206] Exiting Vivado at Wed Feb 27 12:10:21 2019...
