#-----------------------------------------------------------
# Vivado v2018.3 (64-bit)
# SW Build 2405991 on Thu Dec  6 23:38:27 MST 2018
# IP Build 2404404 on Fri Dec  7 01:43:56 MST 2018
# Start of session at: Thu Mar 14 13:22:27 2019
# Process ID: 12980
# Current directory: D:/tijsv/Documents/UA sem2/DigitaleElektronica/Sessie2/BCDtoSegment
# Command line: vivado.exe -gui_launcher_event rodinguilauncherevent15176 D:\tijsv\Documents\UA sem2\DigitaleElektronica\Sessie2\BCDtoSegment\BCDtoSegment.xpr
# Log file: D:/tijsv/Documents/UA sem2/DigitaleElektronica/Sessie2/BCDtoSegment/vivado.log
# Journal file: D:/tijsv/Documents/UA sem2/DigitaleElektronica/Sessie2/BCDtoSegment\vivado.jou
#-----------------------------------------------------------
start_gui
open_project {D:/tijsv/Documents/UA sem2/DigitaleElektronica/Sessie2/BCDtoSegment/BCDtoSegment.xpr}
Scanning sources...
Finished scanning sources
INFO: [IP_Flow 19-234] Refreshing IP repositories
INFO: [IP_Flow 19-1704] No user IP repositories specified
INFO: [IP_Flow 19-2313] Loaded Vivado IP repository 'C:/Xilinx/Vivado/2018.3/data/ip'.
open_project: Time (s): cpu = 00:00:20 ; elapsed = 00:00:08 . Memory (MB): peak = 689.375 ; gain = 61.914
update_compile_order -fileset sources_1
exit
INFO: [Common 17-206] Exiting Vivado at Thu Mar 14 13:40:26 2019...
